Determining if the pthread_create exist failed with the following output:
Change Dir: /home/dprandle/Documents/code/nsengine/build/x64/release/CMakeFiles/CMakeTmp

Run Build Command:/usr/bin/make "cmTryCompileExec598440489/fast"
/usr/bin/make -f CMakeFiles/cmTryCompileExec598440489.dir/build.make CMakeFiles/cmTryCompileExec598440489.dir/build
make[1]: Entering directory `/home/dprandle/Documents/code/nsengine/build/x64/release/CMakeFiles/CMakeTmp'
/usr/bin/cmake -E cmake_progress_report /home/dprandle/Documents/code/nsengine/build/x64/release/CMakeFiles/CMakeTmp/CMakeFiles 1
Building C object CMakeFiles/cmTryCompileExec598440489.dir/CheckSymbolExists.c.o
/usr/bin/cc   -fms-extensions    -o CMakeFiles/cmTryCompileExec598440489.dir/CheckSymbolExists.c.o   -c /home/dprandle/Documents/code/nsengine/build/x64/release/CMakeFiles/CMakeTmp/CheckSymbolExists.c
Linking C executable cmTryCompileExec598440489
/usr/bin/cmake -E cmake_link_script CMakeFiles/cmTryCompileExec598440489.dir/link.txt --verbose=1
/usr/bin/cc   -fms-extensions     CMakeFiles/cmTryCompileExec598440489.dir/CheckSymbolExists.c.o  -o cmTryCompileExec598440489 -rdynamic 
CMakeFiles/cmTryCompileExec598440489.dir/CheckSymbolExists.c.o: In function `main':
CheckSymbolExists.c:(.text+0x16): undefined reference to `pthread_create'
collect2: error: ld returned 1 exit status
make[1]: *** [cmTryCompileExec598440489] Error 1
make[1]: Leaving directory `/home/dprandle/Documents/code/nsengine/build/x64/release/CMakeFiles/CMakeTmp'
make: *** [cmTryCompileExec598440489/fast] Error 2

File /home/dprandle/Documents/code/nsengine/build/x64/release/CMakeFiles/CMakeTmp/CheckSymbolExists.c:
/* */
#include <pthread.h>

int main(int argc, char** argv)
{
  (void)argv;
#ifndef pthread_create
  return ((int*)(&pthread_create))[argc];
#else
  (void)argc;
  return 0;
#endif
}

Determining if the function pthread_create exists in the pthreads failed with the following output:
Change Dir: /home/dprandle/Documents/code/nsengine/build/x64/release/CMakeFiles/CMakeTmp

Run Build Command:/usr/bin/make "cmTryCompileExec3294786144/fast"
/usr/bin/make -f CMakeFiles/cmTryCompileExec3294786144.dir/build.make CMakeFiles/cmTryCompileExec3294786144.dir/build
make[1]: Entering directory `/home/dprandle/Documents/code/nsengine/build/x64/release/CMakeFiles/CMakeTmp'
/usr/bin/cmake -E cmake_progress_report /home/dprandle/Documents/code/nsengine/build/x64/release/CMakeFiles/CMakeTmp/CMakeFiles 1
Building C object CMakeFiles/cmTryCompileExec3294786144.dir/CheckFunctionExists.c.o
/usr/bin/cc   -fms-extensions -DCHECK_FUNCTION_EXISTS=pthread_create   -o CMakeFiles/cmTryCompileExec3294786144.dir/CheckFunctionExists.c.o   -c /usr/share/cmake-2.8/Modules/CheckFunctionExists.c
Linking C executable cmTryCompileExec3294786144
/usr/bin/cmake -E cmake_link_script CMakeFiles/cmTryCompileExec3294786144.dir/link.txt --verbose=1
/usr/bin/cc   -fms-extensions -DCHECK_FUNCTION_EXISTS=pthread_create    CMakeFiles/cmTryCompileExec3294786144.dir/CheckFunctionExists.c.o  -o cmTryCompileExec3294786144 -rdynamic -lpthreads 
/usr/bin/ld: cannot find -lpthreads
collect2: error: ld returned 1 exit status
make[1]: Leaving directory `/home/dprandle/Documents/code/nsengine/build/x64/release/CMakeFiles/CMakeTmp'
make[1]: *** [cmTryCompileExec3294786144] Error 1
make: *** [cmTryCompileExec3294786144/fast] Error 2


Determining if the function glXGetProcAddressEXT exists failed with the following output:
Change Dir: /home/dprandle/Documents/code/nsengine/build/x64/release/CMakeFiles/CMakeTmp

Run Build Command:/usr/bin/make "cmTryCompileExec1396820216/fast"
/usr/bin/make -f CMakeFiles/cmTryCompileExec1396820216.dir/build.make CMakeFiles/cmTryCompileExec1396820216.dir/build
make[1]: Entering directory `/home/dprandle/Documents/code/nsengine/build/x64/release/CMakeFiles/CMakeTmp'
/usr/bin/cmake -E cmake_progress_report /home/dprandle/Documents/code/nsengine/build/x64/release/CMakeFiles/CMakeTmp/CMakeFiles 1
Building C object CMakeFiles/cmTryCompileExec1396820216.dir/CheckFunctionExists.c.o
/usr/bin/cc   -fms-extensions -DCHECK_FUNCTION_EXISTS=glXGetProcAddressEXT   -o CMakeFiles/cmTryCompileExec1396820216.dir/CheckFunctionExists.c.o   -c /usr/share/cmake-2.8/Modules/CheckFunctionExists.c
Linking C executable cmTryCompileExec1396820216
/usr/bin/cmake -E cmake_link_script CMakeFiles/cmTryCompileExec1396820216.dir/link.txt --verbose=1
/usr/bin/cc   -fms-extensions -DCHECK_FUNCTION_EXISTS=glXGetProcAddressEXT    CMakeFiles/cmTryCompileExec1396820216.dir/CheckFunctionExists.c.o  -o cmTryCompileExec1396820216 -rdynamic -lGL 
CMakeFiles/cmTryCompileExec1396820216.dir/CheckFunctionExists.c.o: In function `main':
CheckFunctionExists.c:(.text+0x15): undefined reference to `glXGetProcAddressEXT'
collect2: error: ld returned 1 exit status
make[1]: Leaving directory `/home/dprandle/Documents/code/nsengine/build/x64/release/CMakeFiles/CMakeTmp'
make[1]: *** [cmTryCompileExec1396820216] Error 1
make: *** [cmTryCompileExec1396820216/fast] Error 2


