Determining if the pthread_create exist failed with the following output:
Change Dir: /home/dprandle/Documents/code/nsengine/build/x64/debug/CMakeFiles/CMakeTmp

Run Build Command:/usr/bin/make "cmTryCompileExec206276148/fast"
/usr/bin/make -f CMakeFiles/cmTryCompileExec206276148.dir/build.make CMakeFiles/cmTryCompileExec206276148.dir/build
make[1]: Entering directory `/home/dprandle/Documents/code/nsengine/build/x64/debug/CMakeFiles/CMakeTmp'
/usr/bin/cmake -E cmake_progress_report /home/dprandle/Documents/code/nsengine/build/x64/debug/CMakeFiles/CMakeTmp/CMakeFiles 1
Building C object CMakeFiles/cmTryCompileExec206276148.dir/CheckSymbolExists.c.o
/usr/bin/cc   -fms-extensions    -o CMakeFiles/cmTryCompileExec206276148.dir/CheckSymbolExists.c.o   -c /home/dprandle/Documents/code/nsengine/build/x64/debug/CMakeFiles/CMakeTmp/CheckSymbolExists.c
Linking C executable cmTryCompileExec206276148
/usr/bin/cmake -E cmake_link_script CMakeFiles/cmTryCompileExec206276148.dir/link.txt --verbose=1
/usr/bin/cc   -fms-extensions     CMakeFiles/cmTryCompileExec206276148.dir/CheckSymbolExists.c.o  -o cmTryCompileExec206276148 -rdynamic 
CMakeFiles/cmTryCompileExec206276148.dir/CheckSymbolExists.c.o: In function `main':
CheckSymbolExists.c:(.text+0x16): undefined reference to `pthread_create'
collect2: error: ld returned 1 exit status
make[1]: *** [cmTryCompileExec206276148] Error 1
make[1]: Leaving directory `/home/dprandle/Documents/code/nsengine/build/x64/debug/CMakeFiles/CMakeTmp'
make: *** [cmTryCompileExec206276148/fast] Error 2

File /home/dprandle/Documents/code/nsengine/build/x64/debug/CMakeFiles/CMakeTmp/CheckSymbolExists.c:
/* */
#include <pthread.h>

int main(int argc, char** argv)
{
  (void)argv;
#ifndef pthread_create
  return ((int*)(&pthread_create))[argc];
#else
  (void)argc;
  return 0;
#endif
}

Determining if the function pthread_create exists in the pthreads failed with the following output:
Change Dir: /home/dprandle/Documents/code/nsengine/build/x64/debug/CMakeFiles/CMakeTmp

Run Build Command:/usr/bin/make "cmTryCompileExec1186662558/fast"
/usr/bin/make -f CMakeFiles/cmTryCompileExec1186662558.dir/build.make CMakeFiles/cmTryCompileExec1186662558.dir/build
make[1]: Entering directory `/home/dprandle/Documents/code/nsengine/build/x64/debug/CMakeFiles/CMakeTmp'
/usr/bin/cmake -E cmake_progress_report /home/dprandle/Documents/code/nsengine/build/x64/debug/CMakeFiles/CMakeTmp/CMakeFiles 1
Building C object CMakeFiles/cmTryCompileExec1186662558.dir/CheckFunctionExists.c.o
/usr/bin/cc   -fms-extensions -DCHECK_FUNCTION_EXISTS=pthread_create   -o CMakeFiles/cmTryCompileExec1186662558.dir/CheckFunctionExists.c.o   -c /usr/share/cmake-2.8/Modules/CheckFunctionExists.c
Linking C executable cmTryCompileExec1186662558
/usr/bin/cmake -E cmake_link_script CMakeFiles/cmTryCompileExec1186662558.dir/link.txt --verbose=1
/usr/bin/cc   -fms-extensions -DCHECK_FUNCTION_EXISTS=pthread_create    CMakeFiles/cmTryCompileExec1186662558.dir/CheckFunctionExists.c.o  -o cmTryCompileExec1186662558 -rdynamic -lpthreads 
/usr/bin/ld: cannot find -lpthreads
collect2: error: ld returned 1 exit status
make[1]: *** [cmTryCompileExec1186662558] Error 1
make[1]: Leaving directory `/home/dprandle/Documents/code/nsengine/build/x64/debug/CMakeFiles/CMakeTmp'
make: *** [cmTryCompileExec1186662558/fast] Error 2


Determining if the function glXGetProcAddressEXT exists failed with the following output:
Change Dir: /home/dprandle/Documents/code/nsengine/build/x64/debug/CMakeFiles/CMakeTmp

Run Build Command:/usr/bin/make "cmTryCompileExec2646576923/fast"
/usr/bin/make -f CMakeFiles/cmTryCompileExec2646576923.dir/build.make CMakeFiles/cmTryCompileExec2646576923.dir/build
make[1]: Entering directory `/home/dprandle/Documents/code/nsengine/build/x64/debug/CMakeFiles/CMakeTmp'
/usr/bin/cmake -E cmake_progress_report /home/dprandle/Documents/code/nsengine/build/x64/debug/CMakeFiles/CMakeTmp/CMakeFiles 1
Building C object CMakeFiles/cmTryCompileExec2646576923.dir/CheckFunctionExists.c.o
/usr/bin/cc   -fms-extensions -DCHECK_FUNCTION_EXISTS=glXGetProcAddressEXT   -o CMakeFiles/cmTryCompileExec2646576923.dir/CheckFunctionExists.c.o   -c /usr/share/cmake-2.8/Modules/CheckFunctionExists.c
Linking C executable cmTryCompileExec2646576923
/usr/bin/cmake -E cmake_link_script CMakeFiles/cmTryCompileExec2646576923.dir/link.txt --verbose=1
/usr/bin/cc   -fms-extensions -DCHECK_FUNCTION_EXISTS=glXGetProcAddressEXT    CMakeFiles/cmTryCompileExec2646576923.dir/CheckFunctionExists.c.o  -o cmTryCompileExec2646576923 -rdynamic -lGL 
CMakeFiles/cmTryCompileExec2646576923.dir/CheckFunctionExists.c.o: In function `main':
CheckFunctionExists.c:(.text+0x15): undefined reference to `glXGetProcAddressEXT'
collect2: error: ld returned 1 exit status
make[1]: *** [cmTryCompileExec2646576923] Error 1
make[1]: Leaving directory `/home/dprandle/Documents/code/nsengine/build/x64/debug/CMakeFiles/CMakeTmp'
make: *** [cmTryCompileExec2646576923/fast] Error 2


